<?xml version="1.0" encoding="UTF-8"?>
<testng-results ignored="0" total="1" passed="1" failed="0" skipped="0">
  <reporter-output>
  </reporter-output>
  <suite started-at="2025-07-02T23:43:44 IST" name="Default suite" finished-at="2025-07-02T23:43:47 IST" duration-ms="2539">
    <groups>
    </groups>
    <test started-at="2025-07-02T23:43:44 IST" name="Default test" finished-at="2025-07-02T23:43:47 IST" duration-ms="2539">
      <class name="com.telus.utility.GoogleSheetReaderPrinter">
        <test-method signature="testSheetDataFetch()[pri:0, instance:com.telus.utility.GoogleSheetReaderPrinter@20d525]" started-at="2025-07-02T23:43:45 IST" name="testSheetDataFetch" finished-at="2025-07-02T23:43:47 IST" duration-ms="2482" status="PASS">
          <reporter-output>
          </reporter-output>
        </test-method> <!-- testSheetDataFetch -->
      </class> <!-- com.telus.utility.GoogleSheetReaderPrinter -->
    </test> <!-- Default test -->
  </suite> <!-- Default suite -->
</testng-results>
